2026-04-07 09:23:15 - Log: Starting monitoring to keep system awake for 240 minutes...
2026-04-07 09:23:15 - Log: Modo background. Use 'cafeina --stop' to terminate.
2026-04-07 09:23:38 - 
Log: Execution interrupted prematurely by the user.
2026-04-07 09:23:38 - Log: Utility terminated. Power management restored.
2026-04-07 09:26:05 - Log: Starting monitoring to keep system awake for 240 minutes...
2026-04-07 09:26:05 - Log: Modo background. Use 'cafeina --stop' to terminate.
2026-04-07 09:26:18 - 
Log: Execution interrupted prematurely by the user.
2026-04-07 09:26:18 - Log: Utility terminated. Power management restored.
2026-04-07 09:26:45 - Log: Starting monitoring to keep system awake for 240 minutes...
2026-04-07 09:26:45 - Log: Modo background. Use 'cafeina --stop' to terminate.
2026-04-07 09:40:03 - Log: Starting monitoring to keep system awake for 240 minutes...
2026-04-07 09:40:03 - Log: Modo background. Use 'cafeina --stop' para encerrar.
2026-04-07 09:41:49 - Log: Starting monitoring to keep system awake for 240 minutes...
2026-04-07 09:41:49 - Log: Modo background. Use 'cafeina --stop' para encerrar.
2026-04-07 09:49:20 - Log: Starting monitoring to keep system awake for 240 minutes...
2026-04-07 09:49:20 - Log: Modo background. Use 'cafeina --stop' para encerrar.
2026-04-07 09:49:39 - Log: Recebido comando '--stop'. Tentando encerrar instância em background.
2026-04-07 09:49:39 - Log: Processo de encerramento concluído.
2026-04-07 09:53:55 - Log: Starting monitoring to keep system awake for 240 minutes...
2026-04-07 09:53:55 - Log: Modo background. Use 'cafeina --stop' para encerrar.
2026-04-07 09:54:18 - Log: Recebido comando '--stop'. Tentando encerrar instância em background.
2026-04-07 09:54:19 - Log: Instância anterior do Cafeina finalizada (PID 4460).
2026-04-07 09:54:19 - Log: Processo de encerramento concluído.
2026-04-07 09:54:52 - Log: Starting monitoring to keep system awake for 240 minutes...
2026-04-07 09:54:52 - Log: Modo background. Use 'cafeina --stop' para encerrar.
2026-04-07 09:55:21 - Log: Recebido comando '--stop'. Tentando encerrar instância em background.
2026-04-07 09:55:21 - Log: Instância anterior do Cafeina finalizada (PID 3928).
2026-04-07 09:55:21 - Log: Processo de encerramento concluído.
2026-04-07 09:56:11 - Log: Starting monitoring to keep system awake for 240 minutes...
2026-04-07 09:56:11 - Log: Modo background. Use 'cafeina --stop' para encerrar.
2026-04-07 09:56:24 - Log: Recebido comando '--stop'. Tentando encerrar instância em background.
2026-04-07 09:56:25 - Log: Instância anterior do Cafeina finalizada (PID 7992).
2026-04-07 09:56:25 - Log: Processo de encerramento concluído.
